app/build/intermediates/manifest_merge_blame_file/debug/manifest-merger-blame-debug-report.txt
1<?xml version="1.0" encoding="utf-8"?>
2<manifest xmlns:android="http://schemas.android.com/apk/res/android"
3    package="com.example.filmslibrary"
4    android:versionCode="1"
5    android:versionName="1.0" >
6
7    <uses-sdk
8        android:minSdkVersion="21"
8-->src\main\AndroidManifest.xml
9        android:targetSdkVersion="32" />
9-->src\main\AndroidManifest.xml
10
11    <uses-permission android:name="android.permission.REORDER_TASKS" /> <!-- Include required permissions for Google Maps API to run. -->
11-->[androidx.fragment:fragment-testing:1.4.1] AndroidManifest.xml:25:5-72
11-->[androidx.fragment:fragment-testing:1.4.1] AndroidManifest.xml:25:22-69
12    <uses-permission android:name="android.permission.ACCESS_NETWORK_STATE" />
12-->[com.google.android.gms:play-services-maps:18.0.2] AndroidManifest.xml:23:5-79
12-->[com.google.android.gms:play-services-maps:18.0.2] AndroidManifest.xml:23:22-76
13    <uses-permission android:name="android.permission.INTERNET" />
13-->[com.google.android.gms:play-services-maps:18.0.2] AndroidManifest.xml:24:5-67
13-->[com.google.android.gms:play-services-maps:18.0.2] AndroidManifest.xml:24:22-64
14
15    <uses-feature
15-->[com.google.android.gms:play-services-maps:18.0.2] AndroidManifest.xml:26:5-28:35
16        android:glEsVersion="0x00020000"
16-->[com.google.android.gms:play-services-maps:18.0.2] AndroidManifest.xml:27:9-41
17        android:required="true" />
17-->[com.google.android.gms:play-services-maps:18.0.2] AndroidManifest.xml:28:9-32
18
19    <queries>
19-->[com.google.android.gms:play-services-maps:18.0.2] AndroidManifest.xml:30:5-34:15
20
21        <!-- Needs to be explicitly declared on Android R+ -->
22        <package android:name="com.google.android.apps.maps" />
22-->[com.google.android.gms:play-services-maps:18.0.2] AndroidManifest.xml:33:9-64
22-->[com.google.android.gms:play-services-maps:18.0.2] AndroidManifest.xml:33:18-61
23        <package android:name="androidx.test.orchestrator" />
23-->[androidx.test:runner:1.4.0] AndroidManifest.xml:25:9-62
23-->[androidx.test:runner:1.4.0] AndroidManifest.xml:25:18-59
24        <package android:name="androidx.test.services" />
24-->[androidx.test:runner:1.4.0] AndroidManifest.xml:26:9-58
24-->[androidx.test:runner:1.4.0] AndroidManifest.xml:26:18-55
25        <package android:name="com.google.android.apps.common.testing.services" />
25-->[androidx.test:runner:1.4.0] AndroidManifest.xml:27:9-83
25-->[androidx.test:runner:1.4.0] AndroidManifest.xml:27:18-80
26    </queries>
27
28    <uses-permission android:name="android.permission.WAKE_LOCK" /> <!-- Required by older versions of Google Play services to create IID tokens -->
28-->[com.google.firebase:firebase-messaging:23.0.3] AndroidManifest.xml:26:5-68
28-->[com.google.firebase:firebase-messaging:23.0.3] AndroidManifest.xml:26:22-65
29    <uses-permission android:name="com.google.android.c2dm.permission.RECEIVE" />
29-->[com.google.firebase:firebase-messaging:23.0.3] AndroidManifest.xml:28:5-82
29-->[com.google.firebase:firebase-messaging:23.0.3] AndroidManifest.xml:28:22-79
30
31    <application
31-->src\main\AndroidManifest.xml:5:5-22:19
32        android:name="com.example.filmslibrary.application.App"
32-->src\main\AndroidManifest.xml:12:9-40
33        android:allowBackup="true"
33-->src\main\AndroidManifest.xml:6:9-35
34        android:appComponentFactory="androidx.core.app.CoreComponentFactory"
34-->[androidx.core:core:1.7.0] AndroidManifest.xml:24:18-86
35        android:debuggable="true"
36        android:icon="@mipmap/ic_launcher"
36-->src\main\AndroidManifest.xml:7:9-43
37        android:label="@string/app_name"
37-->src\main\AndroidManifest.xml:8:9-41
38        android:roundIcon="@mipmap/ic_launcher_round"
38-->src\main\AndroidManifest.xml:9:9-54
39        android:supportsRtl="true"
39-->src\main\AndroidManifest.xml:10:9-35
40        android:testOnly="true"
41        android:theme="@style/Theme.FilmsLibrary" >
41-->src\main\AndroidManifest.xml:11:9-50
42        <activity
42-->src\main\AndroidManifest.xml:13:9-21:20
43            android:name="com.example.filmslibrary.MainActivity"
43-->src\main\AndroidManifest.xml:14:13-41
44            android:exported="true" >
44-->src\main\AndroidManifest.xml:15:13-36
45            <intent-filter>
45-->src\main\AndroidManifest.xml:16:13-20:29
46                <action android:name="android.intent.action.MAIN" />
46-->src\main\AndroidManifest.xml:17:17-69
46-->src\main\AndroidManifest.xml:17:25-66
47
48                <category android:name="android.intent.category.LAUNCHER" />
48-->src\main\AndroidManifest.xml:19:17-77
48-->src\main\AndroidManifest.xml:19:27-74
49            </intent-filter>
50        </activity>
51        <activity
51-->[androidx.fragment:fragment-testing:1.4.1] AndroidManifest.xml:28:9-37:20
52            android:name="androidx.fragment.app.testing.FragmentScenario$EmptyFragmentActivity"
52-->[androidx.fragment:fragment-testing:1.4.1] AndroidManifest.xml:29:13-96
53            android:exported="true"
53-->[androidx.fragment:fragment-testing:1.4.1] AndroidManifest.xml:30:13-36
54            android:multiprocess="true"
54-->[androidx.fragment:fragment-testing:1.4.1] AndroidManifest.xml:31:13-40
55            android:taskAffinity=""
55-->[androidx.fragment:fragment-testing:1.4.1] AndroidManifest.xml:32:13-36
56            android:theme="@style/FragmentScenarioEmptyFragmentActivityTheme" >
56-->[androidx.fragment:fragment-testing:1.4.1] AndroidManifest.xml:33:13-78
57            <intent-filter>
57-->[androidx.fragment:fragment-testing:1.4.1] AndroidManifest.xml:34:13-36:29
58                <action android:name="android.intent.action.MAIN" />
58-->src\main\AndroidManifest.xml:17:17-69
58-->src\main\AndroidManifest.xml:17:25-66
59            </intent-filter>
60        </activity>
61
62        <uses-library
62-->[androidx.window:window:1.0.0] AndroidManifest.xml:25:9-27:40
63            android:name="androidx.window.extensions"
63-->[androidx.window:window:1.0.0] AndroidManifest.xml:26:13-54
64            android:required="false" />
64-->[androidx.window:window:1.0.0] AndroidManifest.xml:27:13-37
65        <uses-library
65-->[androidx.window:window:1.0.0] AndroidManifest.xml:28:9-30:40
66            android:name="androidx.window.sidecar"
66-->[androidx.window:window:1.0.0] AndroidManifest.xml:29:13-51
67            android:required="false" /> <!-- Needs to be explicitly declared on P+ -->
67-->[androidx.window:window:1.0.0] AndroidManifest.xml:30:13-37
68        <uses-library
68-->[com.google.android.gms:play-services-maps:18.0.2] AndroidManifest.xml:39:9-41:40
69            android:name="org.apache.http.legacy"
69-->[com.google.android.gms:play-services-maps:18.0.2] AndroidManifest.xml:40:13-50
70            android:required="false" />
70-->[com.google.android.gms:play-services-maps:18.0.2] AndroidManifest.xml:41:13-37
71
72        <receiver
72-->[com.google.firebase:firebase-messaging:23.0.3] AndroidManifest.xml:31:9-38:20
73            android:name="com.google.firebase.iid.FirebaseInstanceIdReceiver"
73-->[com.google.firebase:firebase-messaging:23.0.3] AndroidManifest.xml:32:13-78
74            android:exported="true"
74-->[com.google.firebase:firebase-messaging:23.0.3] AndroidManifest.xml:33:13-36
75            android:permission="com.google.android.c2dm.permission.SEND" >
75-->[com.google.firebase:firebase-messaging:23.0.3] AndroidManifest.xml:34:13-73
76            <intent-filter>
76-->[com.google.firebase:firebase-messaging:23.0.3] AndroidManifest.xml:35:13-37:29
77                <action android:name="com.google.android.c2dm.intent.RECEIVE" />
77-->[com.google.firebase:firebase-messaging:23.0.3] AndroidManifest.xml:36:17-81
77-->[com.google.firebase:firebase-messaging:23.0.3] AndroidManifest.xml:36:25-78
78            </intent-filter>
79        </receiver>
80        <!--
81             FirebaseMessagingService performs security checks at runtime,
82             but set to not exported to explicitly avoid allowing another app to call it.
83        -->
84        <service
84-->[com.google.firebase:firebase-messaging:23.0.3] AndroidManifest.xml:44:9-51:19
85            android:name="com.google.firebase.messaging.FirebaseMessagingService"
85-->[com.google.firebase:firebase-messaging:23.0.3] AndroidManifest.xml:45:13-82
86            android:directBootAware="true"
86-->[com.google.firebase:firebase-messaging:23.0.3] AndroidManifest.xml:46:13-43
87            android:exported="false" >
87-->[com.google.firebase:firebase-messaging:23.0.3] AndroidManifest.xml:47:13-37
88            <intent-filter android:priority="-500" >
88-->[com.google.firebase:firebase-messaging:23.0.3] AndroidManifest.xml:48:13-50:29
88-->[com.google.firebase:firebase-messaging:23.0.3] AndroidManifest.xml:48:28-51
89                <action android:name="com.google.firebase.MESSAGING_EVENT" />
89-->[com.google.firebase:firebase-messaging:23.0.3] AndroidManifest.xml:49:17-78
89-->[com.google.firebase:firebase-messaging:23.0.3] AndroidManifest.xml:49:25-75
90            </intent-filter>
91        </service>
92        <service
92-->[com.google.firebase:firebase-messaging:23.0.3] AndroidManifest.xml:52:9-58:19
93            android:name="com.google.firebase.components.ComponentDiscoveryService"
93-->[com.google.firebase:firebase-messaging:23.0.3] AndroidManifest.xml:53:13-84
94            android:directBootAware="true"
94-->[com.google.firebase:firebase-common:20.1.0] AndroidManifest.xml:35:13-43
95            android:exported="false" >
95-->[com.google.firebase:firebase-messaging:23.0.3] AndroidManifest.xml:54:13-37
96            <meta-data
96-->[com.google.firebase:firebase-messaging:23.0.3] AndroidManifest.xml:55:13-57:85
97                android:name="com.google.firebase.components:com.google.firebase.messaging.FirebaseMessagingRegistrar"
97-->[com.google.firebase:firebase-messaging:23.0.3] AndroidManifest.xml:56:17-119
98                android:value="com.google.firebase.components.ComponentRegistrar" />
98-->[com.google.firebase:firebase-messaging:23.0.3] AndroidManifest.xml:57:17-82
99            <meta-data
99-->[com.google.firebase:firebase-datatransport:18.1.2] AndroidManifest.xml:28:13-30:85
100                android:name="com.google.firebase.components:com.google.firebase.datatransport.TransportRegistrar"
100-->[com.google.firebase:firebase-datatransport:18.1.2] AndroidManifest.xml:29:17-115
101                android:value="com.google.firebase.components.ComponentRegistrar" />
101-->[com.google.firebase:firebase-datatransport:18.1.2] AndroidManifest.xml:30:17-82
102            <meta-data
102-->[com.google.firebase:firebase-installations:17.0.1] AndroidManifest.xml:18:13-20:85
103                android:name="com.google.firebase.components:com.google.firebase.installations.FirebaseInstallationsRegistrar"
103-->[com.google.firebase:firebase-installations:17.0.1] AndroidManifest.xml:19:17-127
104                android:value="com.google.firebase.components.ComponentRegistrar" />
104-->[com.google.firebase:firebase-installations:17.0.1] AndroidManifest.xml:20:17-82
105        </service>
106
107        <activity
107-->[com.google.android.gms:play-services-base:18.0.1] AndroidManifest.xml:20:9-22:45
108            android:name="com.google.android.gms.common.api.GoogleApiActivity"
108-->[com.google.android.gms:play-services-base:18.0.1] AndroidManifest.xml:20:19-85
109            android:exported="false"
109-->[com.google.android.gms:play-services-base:18.0.1] AndroidManifest.xml:22:19-43
110            android:theme="@android:style/Theme.Translucent.NoTitleBar" />
110-->[com.google.android.gms:play-services-base:18.0.1] AndroidManifest.xml:21:19-78
111
112        <provider
112-->[com.google.firebase:firebase-common:20.1.0] AndroidManifest.xml:26:9-31:39
113            android:name="com.google.firebase.provider.FirebaseInitProvider"
113-->[com.google.firebase:firebase-common:20.1.0] AndroidManifest.xml:27:13-77
114            android:authorities="com.example.filmslibrary.firebaseinitprovider"
114-->[com.google.firebase:firebase-common:20.1.0] AndroidManifest.xml:28:13-72
115            android:directBootAware="true"
115-->[com.google.firebase:firebase-common:20.1.0] AndroidManifest.xml:29:13-43
116            android:exported="false"
116-->[com.google.firebase:firebase-common:20.1.0] AndroidManifest.xml:30:13-37
117            android:initOrder="100" />
117-->[com.google.firebase:firebase-common:20.1.0] AndroidManifest.xml:31:13-36
118
119        <meta-data
119-->[com.google.android.gms:play-services-basement:18.0.0] AndroidManifest.xml:21:9-23:69
120            android:name="com.google.android.gms.version"
120-->[com.google.android.gms:play-services-basement:18.0.0] AndroidManifest.xml:22:13-58
121            android:value="@integer/google_play_services_version" />
121-->[com.google.android.gms:play-services-basement:18.0.0] AndroidManifest.xml:23:13-66
122
123        <service
123-->[androidx.room:room-runtime:2.3.0] AndroidManifest.xml:25:9-28:40
124            android:name="androidx.room.MultiInstanceInvalidationService"
124-->[androidx.room:room-runtime:2.3.0] AndroidManifest.xml:26:13-74
125            android:directBootAware="true"
125-->[androidx.room:room-runtime:2.3.0] AndroidManifest.xml:27:13-43
126            android:exported="false" />
126-->[androidx.room:room-runtime:2.3.0] AndroidManifest.xml:28:13-37
127
128        <provider
128-->[com.squareup.picasso:picasso:2.71828] AndroidManifest.xml:8:9-11:40
129            android:name="com.squareup.picasso.PicassoProvider"
129-->[com.squareup.picasso:picasso:2.71828] AndroidManifest.xml:9:13-64
130            android:authorities="com.example.filmslibrary.com.squareup.picasso"
130-->[com.squareup.picasso:picasso:2.71828] AndroidManifest.xml:10:13-72
131            android:exported="false" />
131-->[com.squareup.picasso:picasso:2.71828] AndroidManifest.xml:11:13-37
132
133        <activity
133-->[androidx.test:core:1.4.0] AndroidManifest.xml:27:9-34:20
134            android:name="androidx.test.core.app.InstrumentationActivityInvoker$BootstrapActivity"
134-->[androidx.test:core:1.4.0] AndroidManifest.xml:28:13-99
135            android:exported="true"
135-->[androidx.test:core:1.4.0] AndroidManifest.xml:29:13-36
136            android:theme="@android:style/Theme" >
136-->[androidx.test:core:1.4.0] AndroidManifest.xml:30:13-49
137            <intent-filter>
137-->[androidx.fragment:fragment-testing:1.4.1] AndroidManifest.xml:34:13-36:29
138                <action android:name="android.intent.action.MAIN" />
138-->src\main\AndroidManifest.xml:17:17-69
138-->src\main\AndroidManifest.xml:17:25-66
139            </intent-filter>
140        </activity>
141        <activity
141-->[androidx.test:core:1.4.0] AndroidManifest.xml:35:9-42:20
142            android:name="androidx.test.core.app.InstrumentationActivityInvoker$EmptyActivity"
142-->[androidx.test:core:1.4.0] AndroidManifest.xml:36:13-95
143            android:exported="true"
143-->[androidx.test:core:1.4.0] AndroidManifest.xml:37:13-36
144            android:theme="@android:style/Theme" >
144-->[androidx.test:core:1.4.0] AndroidManifest.xml:38:13-49
145            <intent-filter>
145-->[androidx.fragment:fragment-testing:1.4.1] AndroidManifest.xml:34:13-36:29
146                <action android:name="android.intent.action.MAIN" />
146-->src\main\AndroidManifest.xml:17:17-69
146-->src\main\AndroidManifest.xml:17:25-66
147            </intent-filter>
148        </activity>
149        <activity
149-->[androidx.test:core:1.4.0] AndroidManifest.xml:43:9-50:20
150            android:name="androidx.test.core.app.InstrumentationActivityInvoker$EmptyFloatingActivity"
150-->[androidx.test:core:1.4.0] AndroidManifest.xml:44:13-103
151            android:exported="true"
151-->[androidx.test:core:1.4.0] AndroidManifest.xml:45:13-36
152            android:theme="@android:style/Theme.Dialog" >
152-->[androidx.test:core:1.4.0] AndroidManifest.xml:46:13-56
153            <intent-filter>
153-->[androidx.fragment:fragment-testing:1.4.1] AndroidManifest.xml:34:13-36:29
154                <action android:name="android.intent.action.MAIN" />
154-->src\main\AndroidManifest.xml:17:17-69
154-->src\main\AndroidManifest.xml:17:25-66
155            </intent-filter>
156        </activity>
157
158        <provider
158-->[androidx.emoji2:emoji2:1.0.0] AndroidManifest.xml:26:9-34:20
159            android:name="androidx.startup.InitializationProvider"
159-->[androidx.emoji2:emoji2:1.0.0] AndroidManifest.xml:27:13-67
160            android:authorities="com.example.filmslibrary.androidx-startup"
160-->[androidx.emoji2:emoji2:1.0.0] AndroidManifest.xml:28:13-68
161            android:exported="false" >
161-->[androidx.emoji2:emoji2:1.0.0] AndroidManifest.xml:29:13-37
162            <meta-data
162-->[androidx.emoji2:emoji2:1.0.0] AndroidManifest.xml:31:13-33:52
163                android:name="androidx.emoji2.text.EmojiCompatInitializer"
163-->[androidx.emoji2:emoji2:1.0.0] AndroidManifest.xml:32:17-75
164                android:value="androidx.startup" />
164-->[androidx.emoji2:emoji2:1.0.0] AndroidManifest.xml:33:17-49
165            <meta-data
165-->[androidx.lifecycle:lifecycle-process:2.4.0] AndroidManifest.xml:31:13-33:52
166                android:name="androidx.lifecycle.ProcessLifecycleInitializer"
166-->[androidx.lifecycle:lifecycle-process:2.4.0] AndroidManifest.xml:32:17-78
167                android:value="androidx.startup" />
167-->[androidx.lifecycle:lifecycle-process:2.4.0] AndroidManifest.xml:33:17-49
168        </provider>
169
170        <service
170-->[com.google.android.datatransport:transport-backend-cct:3.1.3] AndroidManifest.xml:29:9-35:19
171            android:name="com.google.android.datatransport.runtime.backends.TransportBackendDiscovery"
171-->[com.google.android.datatransport:transport-backend-cct:3.1.3] AndroidManifest.xml:30:13-103
172            android:exported="false" >
172-->[com.google.android.datatransport:transport-backend-cct:3.1.3] AndroidManifest.xml:31:13-37
173            <meta-data
173-->[com.google.android.datatransport:transport-backend-cct:3.1.3] AndroidManifest.xml:32:13-34:39
174                android:name="backend:com.google.android.datatransport.cct.CctBackendFactory"
174-->[com.google.android.datatransport:transport-backend-cct:3.1.3] AndroidManifest.xml:33:17-94
175                android:value="cct" />
175-->[com.google.android.datatransport:transport-backend-cct:3.1.3] AndroidManifest.xml:34:17-36
176        </service>
177        <service
177-->[com.google.android.datatransport:transport-runtime:3.1.3] AndroidManifest.xml:26:9-30:19
178            android:name="com.google.android.datatransport.runtime.scheduling.jobscheduling.JobInfoSchedulerService"
178-->[com.google.android.datatransport:transport-runtime:3.1.3] AndroidManifest.xml:27:13-117
179            android:exported="false"
179-->[com.google.android.datatransport:transport-runtime:3.1.3] AndroidManifest.xml:28:13-37
180            android:permission="android.permission.BIND_JOB_SERVICE" >
180-->[com.google.android.datatransport:transport-runtime:3.1.3] AndroidManifest.xml:29:13-69
181        </service>
182
183        <receiver
183-->[com.google.android.datatransport:transport-runtime:3.1.3] AndroidManifest.xml:32:9-34:40
184            android:name="com.google.android.datatransport.runtime.scheduling.jobscheduling.AlarmManagerSchedulerBroadcastReceiver"
184-->[com.google.android.datatransport:transport-runtime:3.1.3] AndroidManifest.xml:33:13-132
185            android:exported="false" />
185-->[com.google.android.datatransport:transport-runtime:3.1.3] AndroidManifest.xml:34:13-37
186    </application>
187
188</manifest>